<?xml version="1.0" encoding="UTF-8"?>
<!-- Generated by org.testng.reporters.JUnitReportReporter -->
<testsuite hostname="LAPTOP-SK3D42E8" failures="0" tests="1" name="com.BankingApp.TestCases.CustomerLoginTestCases" time="0.635" errors="0" timestamp="2024-12-30T09:10:37 SAST" skipped="0">
  <testcase classname="com.BankingApp.TestCases.CustomerLoginTestCases" name="loginCustomerName" time="0.635"/>
  <system-out/>
</testsuite> <!-- com.BankingApp.TestCases.CustomerLoginTestCases -->
