<?xml version="1.0" encoding="UTF-8"?>
<!-- Generated by org.testng.reporters.JUnitReportReporter -->
<testsuite hostname="LAPTOP-SK3D42E8" failures="0" tests="2" name="com.BankingApp.TestCases.CustomersTestCases" time="3.438" errors="0" timestamp="2024-12-30T09:10:37 SAST" skipped="0">
  <testcase classname="com.BankingApp.TestCases.CustomersTestCases" name="deleteCustomer" time="3.325"/>
  <system-out/>
  <testcase classname="com.BankingApp.TestCases.CustomersTestCases" name="searchCustomer" time="0.113"/>
  <system-out/>
</testsuite> <!-- com.BankingApp.TestCases.CustomersTestCases -->
