<?xml version="1.0" encoding="UTF-8"?>
<!-- Generated by org.testng.reporters.JUnitReportReporter -->
<testsuite hostname="LAPTOP-SK3D42E8" failures="0" tests="2" name="com.BankingApp.TestCases.HomeTestCases" time="7.528" errors="0" timestamp="2024-12-30T09:10:37 SAST" skipped="0">
  <testcase classname="com.BankingApp.TestCases.HomeTestCases" name="verifyCustomerLogin" time="3.302"/>
  <system-out/>
  <testcase classname="com.BankingApp.TestCases.HomeTestCases" name="verifyBankManagerLoginButton" time="4.226"/>
  <system-out/>
</testsuite> <!-- com.BankingApp.TestCases.HomeTestCases -->
