<?xml version="1.0" encoding="UTF-8"?>
<!-- Generated by org.testng.reporters.JUnitReportReporter -->
<testsuite hostname="LAPTOP-SK3D42E8" failures="0" tests="7" name="com.BankingApp.TestCases.integrationTestCase" time="24.421" errors="0" timestamp="2025-01-01T07:27:59 SAST" skipped="0">
  <testcase classname="com.BankingApp.TestCases.integrationTestCase" name="addNewCustomers" time="2.980"/>
  <system-out/>
  <testcase classname="com.BankingApp.TestCases.integrationTestCase" name="verifyCustomerIsAddedSuccefully" time="0.752"/>
  <system-out/>
  <testcase classname="com.BankingApp.TestCases.integrationTestCase" name="openNewAccount" time="0.920"/>
  <system-out/>
  <testcase classname="com.BankingApp.TestCases.integrationTestCase" name="verifyAccountIsAddedSuccessfully" time="2.090"/>
  <system-out/>
  <testcase classname="com.BankingApp.TestCases.integrationTestCase" name="verifyAmountDepositedSuccessfully" time="0.740"/>
  <system-out/>
  <testcase classname="com.BankingApp.TestCases.integrationTestCase" name="verifyAmountwithdrawnSuccessfully" time="1.340"/>
  <system-out/>
  <testcase classname="com.BankingApp.TestCases.integrationTestCase" name="deleteCustomer" time="15.599"/>
  <system-out/>
</testsuite> <!-- com.BankingApp.TestCases.integrationTestCase -->
