<?xml version="1.0" encoding="UTF-8"?>
<!-- Generated by org.testng.reporters.JUnitReportReporter -->
<testsuite hostname="LAPTOP-SK3D42E8" failures="0" tests="2" name="com.BankingApp.TestCases.HomeTestCases" time="7.465" errors="0" timestamp="2024-12-31T08:32:47 SAST" skipped="0">
  <testcase classname="com.BankingApp.TestCases.HomeTestCases" name="verifyCustomerLogin" time="4.241"/>
  <system-out/>
  <testcase classname="com.BankingApp.TestCases.HomeTestCases" name="verifyBankManagerLoginButton" time="3.224"/>
  <system-out/>
</testsuite> <!-- com.BankingApp.TestCases.HomeTestCases -->
