<?xml version="1.0" encoding="UTF-8"?>
<!-- Generated by org.testng.reporters.JUnitReportReporter -->
<testsuite hostname="LAPTOP-SK3D42E8" failures="0" tests="1" name="com.BankingApp.TestCases.CustomerLoginTestCases" time="1.295" errors="0" timestamp="2024-12-31T08:32:47 SAST" skipped="0">
  <testcase classname="com.BankingApp.TestCases.CustomerLoginTestCases" name="loginCustomerName" time="1.295"/>
  <system-out/>
</testsuite> <!-- com.BankingApp.TestCases.CustomerLoginTestCases -->
