<?xml version="1.0" encoding="UTF-8"?>
<!-- Generated by org.testng.reporters.JUnitReportReporter -->
<testsuite hostname="LAPTOP-SK3D42E8" failures="0" tests="2" name="com.BankingApp.TestCases.CustomersTestCases" time="3.432" errors="0" timestamp="2024-12-31T08:32:47 SAST" skipped="0">
  <testcase classname="com.BankingApp.TestCases.CustomersTestCases" name="deleteCustomer" time="3.312"/>
  <system-out/>
  <testcase classname="com.BankingApp.TestCases.CustomersTestCases" name="searchCustomer" time="0.120"/>
  <system-out/>
</testsuite> <!-- com.BankingApp.TestCases.CustomersTestCases -->
