<?xml version="1.0" encoding="UTF-8"?>
<!-- Generated by org.testng.reporters.JUnitReportReporter -->
<testsuite hostname="LAPTOP-SK3D42E8" failures="0" tests="2" name="com.BankingApp.TestCases.HomePageTestCase" time="1.212" errors="0" timestamp="2024-12-05T16:05:04 SAST" skipped="0">
  <testcase classname="com.BankingApp.TestCases.HomePageTestCase" name="verifyCustomerLogin" time="1.071"/>
  <system-out/>
  <testcase classname="com.BankingApp.TestCases.HomePageTestCase" name="verifyBankManagerLoginButton" time="0.141"/>
  <system-out/>
</testsuite> <!-- com.BankingApp.TestCases.HomePageTestCase -->
