<?xml version="1.0" encoding="UTF-8"?>
<!-- Generated by org.testng.reporters.JUnitReportReporter -->
<testsuite hostname="LAPTOP-SK3D42E8" failures="0" tests="3" name="com.BankingApp.TestCases.BankManagerLoginTestCases" time="0.272" errors="0" timestamp="2024-12-31T08:32:47 SAST" skipped="0">
  <testcase classname="com.BankingApp.TestCases.BankManagerLoginTestCases" name="verifyAddCustomerButton" time="0.100"/>
  <system-out/>
  <testcase classname="com.BankingApp.TestCases.BankManagerLoginTestCases" name="verifyOpenAccountButton" time="0.079"/>
  <system-out/>
  <testcase classname="com.BankingApp.TestCases.BankManagerLoginTestCases" name="verifyCustomersButton" time="0.093"/>
  <system-out/>
</testsuite> <!-- com.BankingApp.TestCases.BankManagerLoginTestCases -->
