<?xml version="1.0" encoding="UTF-8"?>
<!-- Generated by org.testng.reporters.JUnitReportReporter -->
<testsuite hostname="LAPTOP-SK3D42E8" failures="0" tests="3" name="com.BankingApp.TestCases.BankManagerLoginTestCases" time="0.258" errors="0" timestamp="2024-12-30T09:10:37 SAST" skipped="0">
  <testcase classname="com.BankingApp.TestCases.BankManagerLoginTestCases" name="verifyAddCustomerButton" time="0.087"/>
  <system-out/>
  <testcase classname="com.BankingApp.TestCases.BankManagerLoginTestCases" name="verifyOpenAccountButton" time="0.081"/>
  <system-out/>
  <testcase classname="com.BankingApp.TestCases.BankManagerLoginTestCases" name="verifyCustomersButton" time="0.090"/>
  <system-out/>
</testsuite> <!-- com.BankingApp.TestCases.BankManagerLoginTestCases -->
