<?xml version="1.0" encoding="UTF-8"?>
<!-- Generated by org.testng.reporters.JUnitReportReporter -->
<testsuite hostname="LAPTOP-SK3D42E8" failures="0" tests="1" name="com.BankingApp.Base.BaseClass" time="5.935" errors="0" timestamp="2024-12-05T08:09:58 SAST" skipped="0">
  <testcase classname="com.BankingApp.Base.BaseClass" name="setup" time="5.935"/>
  <system-out/>
</testsuite> <!-- com.BankingApp.Base.BaseClass -->
